.idea/nova-android-zip-code/app/build/intermediates/manifest_merge_blame_file/debug/processDebugMainManifest/manifest-merger-blame-debug-report.txt
1<?xml version="1.0" encoding="utf-8"?>
2<manifest xmlns:android="http://schemas.android.com/apk/res/android"
3    package="net.cosmoscraft.nova"
4    android:versionCode="1"
5    android:versionName="1.0" >
6
7    <uses-sdk
8        android:minSdkVersion="26"
9        android:targetSdkVersion="34" />
10
11    <uses-permission android:name="android.permission.INTERNET" />
11-->src\main\AndroidManifest.xml:4:5-67
11-->src\main\AndroidManifest.xml:4:22-64
12    <!--
13         Foreground service + its specific "mediaPlayback" type — required
14         unconditionally on Android 14 (API 34, this app's target) for any
15         foreground service that plays audio; omitting the typed permission
16         causes a hard crash on startForeground(), not a soft failure.
17    -->
18    <uses-permission android:name="android.permission.FOREGROUND_SERVICE" />
18-->src\main\AndroidManifest.xml:9:5-77
18-->src\main\AndroidManifest.xml:9:22-74
19    <uses-permission android:name="android.permission.FOREGROUND_SERVICE_MEDIA_PLAYBACK" />
19-->src\main\AndroidManifest.xml:10:5-92
19-->src\main\AndroidManifest.xml:10:22-89
20    <!--
21         Runtime-requested on Android 13+ (API 33+) — the foreground service's own
22         ongoing notification (transport controls, track info) needs this or it
23         silently never shows, which on some OEM skins makes the system more
24         aggressive about killing the "invisible" background service.
25    -->
26    <uses-permission android:name="android.permission.POST_NOTIFICATIONS" />
26-->src\main\AndroidManifest.xml:15:5-77
26-->src\main\AndroidManifest.xml:15:22-74
27    <!--
28         Held only while actively playing (acquired/released in PlaybackService, not
29         held permanently) — keeps the CPU from suspending mid-stream on a screen-off
30         phone, which would otherwise stall the segment fetches this whole app exists
31         to make more reliable.
32    -->
33    <uses-permission android:name="android.permission.WAKE_LOCK" />
33-->src\main\AndroidManifest.xml:20:5-68
33-->src\main\AndroidManifest.xml:20:22-65
34
35    <permission
35-->[androidx.core:core:1.13.1] AndroidManifest.xml:22:5-24:47
36        android:name="net.cosmoscraft.nova.DYNAMIC_RECEIVER_NOT_EXPORTED_PERMISSION"
36-->[androidx.core:core:1.13.1] AndroidManifest.xml:23:9-81
37        android:protectionLevel="signature" />
37-->[androidx.core:core:1.13.1] AndroidManifest.xml:24:9-44
38
39    <uses-permission android:name="net.cosmoscraft.nova.DYNAMIC_RECEIVER_NOT_EXPORTED_PERMISSION" />
39-->[androidx.core:core:1.13.1] AndroidManifest.xml:26:5-97
39-->[androidx.core:core:1.13.1] AndroidManifest.xml:26:22-94
40
41    <application
41-->src\main\AndroidManifest.xml:22:5-49:19
42        android:allowBackup="true"
42-->src\main\AndroidManifest.xml:23:9-35
43        android:appComponentFactory="androidx.core.app.CoreComponentFactory"
43-->[androidx.core:core:1.13.1] AndroidManifest.xml:28:18-86
44        android:debuggable="true"
45        android:extractNativeLibs="false"
46        android:icon="@mipmap/ic_launcher"
46-->src\main\AndroidManifest.xml:24:9-43
47        android:label="NOVA"
47-->src\main\AndroidManifest.xml:25:9-29
48        android:theme="@style/Theme.Nova"
48-->src\main\AndroidManifest.xml:26:9-42
49        android:usesCleartextTraffic="false" >
49-->src\main\AndroidManifest.xml:27:9-45
50
51        <!--
52             usesCleartextTraffic=false deliberately — this app only ever talks to
53             https://music.cosmoscraft.net, and there's no legitimate reason for it
54             to ever fall back to plain HTTP.
55        -->
56
57        <activity
57-->src\main\AndroidManifest.xml:32:9-42:20
58            android:name="net.cosmoscraft.nova.MainActivity"
58-->src\main\AndroidManifest.xml:33:13-41
59            android:exported="true"
59-->src\main\AndroidManifest.xml:34:13-36
60            android:launchMode="singleTask"
60-->src\main\AndroidManifest.xml:35:13-44
61            android:theme="@style/Theme.Nova"
61-->src\main\AndroidManifest.xml:36:13-46
62            android:windowSoftInputMode="adjustResize" >
62-->src\main\AndroidManifest.xml:37:13-55
63            <intent-filter>
63-->src\main\AndroidManifest.xml:38:13-41:29
64                <action android:name="android.intent.action.MAIN" />
64-->src\main\AndroidManifest.xml:39:17-69
64-->src\main\AndroidManifest.xml:39:25-66
65
66                <category android:name="android.intent.category.LAUNCHER" />
66-->src\main\AndroidManifest.xml:40:17-77
66-->src\main\AndroidManifest.xml:40:27-74
67            </intent-filter>
68        </activity>
69
70        <service
70-->src\main\AndroidManifest.xml:44:9-47:61
71            android:name="net.cosmoscraft.nova.PlaybackService"
71-->src\main\AndroidManifest.xml:45:13-44
72            android:exported="false"
72-->src\main\AndroidManifest.xml:46:13-37
73            android:foregroundServiceType="mediaPlayback" />
73-->src\main\AndroidManifest.xml:47:13-58
74
75        <provider
75-->[androidx.emoji2:emoji2:1.3.0] AndroidManifest.xml:24:9-32:20
76            android:name="androidx.startup.InitializationProvider"
76-->[androidx.emoji2:emoji2:1.3.0] AndroidManifest.xml:25:13-67
77            android:authorities="net.cosmoscraft.nova.androidx-startup"
77-->[androidx.emoji2:emoji2:1.3.0] AndroidManifest.xml:26:13-68
78            android:exported="false" >
78-->[androidx.emoji2:emoji2:1.3.0] AndroidManifest.xml:27:13-37
79            <meta-data
79-->[androidx.emoji2:emoji2:1.3.0] AndroidManifest.xml:29:13-31:52
80                android:name="androidx.emoji2.text.EmojiCompatInitializer"
80-->[androidx.emoji2:emoji2:1.3.0] AndroidManifest.xml:30:17-75
81                android:value="androidx.startup" />
81-->[androidx.emoji2:emoji2:1.3.0] AndroidManifest.xml:31:17-49
82            <meta-data
82-->[androidx.lifecycle:lifecycle-process:2.6.2] AndroidManifest.xml:29:13-31:52
83                android:name="androidx.lifecycle.ProcessLifecycleInitializer"
83-->[androidx.lifecycle:lifecycle-process:2.6.2] AndroidManifest.xml:30:17-78
84                android:value="androidx.startup" />
84-->[androidx.lifecycle:lifecycle-process:2.6.2] AndroidManifest.xml:31:17-49
85            <meta-data
85-->[androidx.profileinstaller:profileinstaller:1.3.1] AndroidManifest.xml:29:13-31:52
86                android:name="androidx.profileinstaller.ProfileInstallerInitializer"
86-->[androidx.profileinstaller:profileinstaller:1.3.1] AndroidManifest.xml:30:17-85
87                android:value="androidx.startup" />
87-->[androidx.profileinstaller:profileinstaller:1.3.1] AndroidManifest.xml:31:17-49
88        </provider>
89
90        <receiver
90-->[androidx.profileinstaller:profileinstaller:1.3.1] AndroidManifest.xml:34:9-52:20
91            android:name="androidx.profileinstaller.ProfileInstallReceiver"
91-->[androidx.profileinstaller:profileinstaller:1.3.1] AndroidManifest.xml:35:13-76
92            android:directBootAware="false"
92-->[androidx.profileinstaller:profileinstaller:1.3.1] AndroidManifest.xml:36:13-44
93            android:enabled="true"
93-->[androidx.profileinstaller:profileinstaller:1.3.1] AndroidManifest.xml:37:13-35
94            android:exported="true"
94-->[androidx.profileinstaller:profileinstaller:1.3.1] AndroidManifest.xml:38:13-36
95            android:permission="android.permission.DUMP" >
95-->[androidx.profileinstaller:profileinstaller:1.3.1] AndroidManifest.xml:39:13-57
96            <intent-filter>
96-->[androidx.profileinstaller:profileinstaller:1.3.1] AndroidManifest.xml:40:13-42:29
97                <action android:name="androidx.profileinstaller.action.INSTALL_PROFILE" />
97-->[androidx.profileinstaller:profileinstaller:1.3.1] AndroidManifest.xml:41:17-91
97-->[androidx.profileinstaller:profileinstaller:1.3.1] AndroidManifest.xml:41:25-88
98            </intent-filter>
99            <intent-filter>
99-->[androidx.profileinstaller:profileinstaller:1.3.1] AndroidManifest.xml:43:13-45:29
100                <action android:name="androidx.profileinstaller.action.SKIP_FILE" />
100-->[androidx.profileinstaller:profileinstaller:1.3.1] AndroidManifest.xml:44:17-85
100-->[androidx.profileinstaller:profileinstaller:1.3.1] AndroidManifest.xml:44:25-82
101            </intent-filter>
102            <intent-filter>
102-->[androidx.profileinstaller:profileinstaller:1.3.1] AndroidManifest.xml:46:13-48:29
103                <action android:name="androidx.profileinstaller.action.SAVE_PROFILE" />
103-->[androidx.profileinstaller:profileinstaller:1.3.1] AndroidManifest.xml:47:17-88
103-->[androidx.profileinstaller:profileinstaller:1.3.1] AndroidManifest.xml:47:25-85
104            </intent-filter>
105            <intent-filter>
105-->[androidx.profileinstaller:profileinstaller:1.3.1] AndroidManifest.xml:49:13-51:29
106                <action android:name="androidx.profileinstaller.action.BENCHMARK_OPERATION" />
106-->[androidx.profileinstaller:profileinstaller:1.3.1] AndroidManifest.xml:50:17-95
106-->[androidx.profileinstaller:profileinstaller:1.3.1] AndroidManifest.xml:50:25-92
107            </intent-filter>
108        </receiver>
109    </application>
110
111</manifest>